\BOOKMARK [1][-]{section.1}{Introduction and Overview}{}% 1
\BOOKMARK [1][-]{section.2}{Theoretical Background}{}% 2
\BOOKMARK [2][-]{subsection.2.1}{Feature Extraction}{section.2}% 3
\BOOKMARK [2][-]{subsection.2.2}{Phonemes and Visemes}{section.2}% 4
\BOOKMARK [2][-]{subsection.2.3}{Hidden Markov Models}{section.2}% 5
\BOOKMARK [1][-]{section.3}{Implementation and Development}{}% 6
\BOOKMARK [2][-]{subsection.3.1}{Feature extraction}{section.3}% 7
\BOOKMARK [3][-]{subsubsection.3.1.1}{Obtaining the initial mask}{subsection.3.1}% 8
\BOOKMARK [3][-]{subsubsection.3.1.2}{Active contour}{subsection.3.1}% 9
\BOOKMARK [3][-]{subsubsection.3.1.3}{Canny edge detection}{subsection.3.1}% 10
\BOOKMARK [3][-]{subsubsection.3.1.4}{Dynamic mode decomposition}{subsection.3.1}% 11
\BOOKMARK [3][-]{subsubsection.3.1.5}{Color classification}{subsection.3.1}% 12
\BOOKMARK [2][-]{subsection.3.2}{Extracting Phonemes}{section.3}% 13
\BOOKMARK [2][-]{subsection.3.3}{Extracting Subtitles and Assigning Phonemes}{section.3}% 14
\BOOKMARK [2][-]{subsection.3.4}{Phoneme and Viseme Classification}{section.3}% 15
\BOOKMARK [2][-]{subsection.3.5}{Word Classification using HMMs}{section.3}% 16
\BOOKMARK [1][-]{section.4}{Computational Results}{}% 17
\BOOKMARK [2][-]{subsection.4.1}{ Phoneme and Viseme Classification}{section.4}% 18
\BOOKMARK [2][-]{subsection.4.2}{Word Classification using HMMs}{section.4}% 19
\BOOKMARK [1][-]{section.5}{Relevant Links }{}% 20
\BOOKMARK [1][-]{section.6}{Summary and Conclusions}{}% 21
\BOOKMARK [1][-]{appendix.A}{MATLAB Code}{}% 22
\BOOKMARK [2][-]{subsection.A.1}{Contours.m}{appendix.A}% 23
\BOOKMARK [2][-]{subsection.A.2}{Assign Labels}{appendix.A}% 24
\BOOKMARK [2][-]{subsection.A.3}{SVD and Classify}{appendix.A}% 25
\BOOKMARK [2][-]{subsection.A.4}{Creation of Data Matrix and Classification Labels}{appendix.A}% 26
\BOOKMARK [2][-]{subsection.A.5}{makethehmm2.m}{appendix.A}% 27
\BOOKMARK [2][-]{subsection.A.6}{binsorter.m}{appendix.A}% 28
\BOOKMARK [1][-]{appendix.B}{Python Code}{}% 29
\BOOKMARK [2][-]{subsection.B.1}{Phonemes.py}{appendix.B}% 30
\BOOKMARK [2][-]{subsection.B.2}{Transcripts.py}{appendix.B}% 31
